<?xml version="1.0" encoding="UTF-8"?>
<testsuite xmlns:xsi="http://www.w3.org/2001/XMLSchema-instance" xsi:noNamespaceSchemaLocation="https://maven.apache.org/surefire/maven-surefire-plugin/xsd/surefire-test-report.xsd" name="com.flink_project.WordCountTest" time="0.036" tests="1" errors="0" skipped="0" failures="0">
  <properties>
    <property name="sun.desktop" value="gnome"/>
    <property name="awt.toolkit" value="sun.awt.X11.XToolkit"/>
    <property name="java.specification.version" value="11"/>
    <property name="sun.cpu.isalist" value=""/>
    <property name="sun.jnu.encoding" value="UTF-8"/>
    <property name="java.class.path" value="/home/rita/Documents/ApacheFlink/flink_project/target/test-classes:/home/rita/Documents/ApacheFlink/flink_project/target/classes:/home/rita/.m2/repository/junit/junit/4.11/junit-4.11.jar:/home/rita/.m2/repository/org/hamcrest/hamcrest-core/1.3/hamcrest-core-1.3.jar:/home/rita/.m2/repository/org/apache/flink/flink-java/1.14.3/flink-java-1.14.3.jar:/home/rita/.m2/repository/org/apache/flink/flink-core/1.14.3/flink-core-1.14.3.jar:/home/rita/.m2/repository/org/apache/flink/flink-annotations/1.14.3/flink-annotations-1.14.3.jar:/home/rita/.m2/repository/org/apache/flink/flink-metrics-core/1.14.3/flink-metrics-core-1.14.3.jar:/home/rita/.m2/repository/org/apache/flink/flink-shaded-asm-7/7.1-14.0/flink-shaded-asm-7-7.1-14.0.jar:/home/rita/.m2/repository/com/esotericsoftware/kryo/kryo/2.24.0/kryo-2.24.0.jar:/home/rita/.m2/repository/com/esotericsoftware/minlog/minlog/1.2/minlog-1.2.jar:/home/rita/.m2/repository/org/objenesis/objenesis/2.1/objenesis-2.1.jar:/home/rita/.m2/repository/commons-collections/commons-collections/3.2.2/commons-collections-3.2.2.jar:/home/rita/.m2/repository/org/apache/commons/commons-compress/1.21/commons-compress-1.21.jar:/home/rita/.m2/repository/org/apache/commons/commons-lang3/3.3.2/commons-lang3-3.3.2.jar:/home/rita/.m2/repository/org/apache/commons/commons-math3/3.5/commons-math3-3.5.jar:/home/rita/.m2/repository/com/google/code/findbugs/jsr305/1.3.9/jsr305-1.3.9.jar:/home/rita/.m2/repository/org/apache/flink/flink-shaded-force-shading/14.0/flink-shaded-force-shading-14.0.jar:/home/rita/.m2/repository/org/apache/flink/flink-streaming-java_2.11/1.14.3/flink-streaming-java_2.11-1.14.3.jar:/home/rita/.m2/repository/org/apache/flink/flink-file-sink-common/1.14.3/flink-file-sink-common-1.14.3.jar:/home/rita/.m2/repository/org/apache/flink/flink-runtime/1.14.3/flink-runtime-1.14.3.jar:/home/rita/.m2/repository/org/apache/flink/flink-rpc-core/1.14.3/flink-rpc-core-1.14.3.jar:/home/rita/.m2/repository/org/apache/flink/flink-rpc-akka-loader/1.14.3/flink-rpc-akka-loader-1.14.3.jar:/home/rita/.m2/repository/org/apache/flink/flink-queryable-state-client-java/1.14.3/flink-queryable-state-client-java-1.14.3.jar:/home/rita/.m2/repository/org/apache/flink/flink-hadoop-fs/1.14.3/flink-hadoop-fs-1.14.3.jar:/home/rita/.m2/repository/commons-io/commons-io/2.8.0/commons-io-2.8.0.jar:/home/rita/.m2/repository/org/apache/flink/flink-shaded-netty/4.1.65.Final-14.0/flink-shaded-netty-4.1.65.Final-14.0.jar:/home/rita/.m2/repository/org/apache/flink/flink-shaded-jackson/2.12.4-14.0/flink-shaded-jackson-2.12.4-14.0.jar:/home/rita/.m2/repository/org/apache/flink/flink-shaded-zookeeper-3/3.4.14-14.0/flink-shaded-zookeeper-3-3.4.14-14.0.jar:/home/rita/.m2/repository/org/javassist/javassist/3.24.0-GA/javassist-3.24.0-GA.jar:/home/rita/.m2/repository/org/xerial/snappy/snappy-java/1.1.8.3/snappy-java-1.1.8.3.jar:/home/rita/.m2/repository/org/lz4/lz4-java/1.8.0/lz4-java-1.8.0.jar:/home/rita/.m2/repository/org/apache/flink/flink-scala_2.11/1.14.3/flink-scala_2.11-1.14.3.jar:/home/rita/.m2/repository/org/scala-lang/scala-reflect/2.11.12/scala-reflect-2.11.12.jar:/home/rita/.m2/repository/org/scala-lang/scala-library/2.11.12/scala-library-2.11.12.jar:/home/rita/.m2/repository/org/scala-lang/scala-compiler/2.11.12/scala-compiler-2.11.12.jar:/home/rita/.m2/repository/org/scala-lang/modules/scala-xml_2.11/1.0.5/scala-xml_2.11-1.0.5.jar:/home/rita/.m2/repository/org/scala-lang/modules/scala-parser-combinators_2.11/1.0.4/scala-parser-combinators_2.11-1.0.4.jar:/home/rita/.m2/repository/com/twitter/chill_2.11/0.7.6/chill_2.11-0.7.6.jar:/home/rita/.m2/repository/com/twitter/chill-java/0.7.6/chill-java-0.7.6.jar:/home/rita/.m2/repository/org/apache/flink/flink-shaded-guava/30.1.1-jre-14.0/flink-shaded-guava-30.1.1-jre-14.0.jar:/home/rita/.m2/repository/org/apache/flink/flink-clients_2.11/1.14.3/flink-clients_2.11-1.14.3.jar:/home/rita/.m2/repository/org/apache/flink/flink-optimizer/1.14.3/flink-optimizer-1.14.3.jar:/home/rita/.m2/repository/commons-cli/commons-cli/1.3.1/commons-cli-1.3.1.jar:/home/rita/.m2/repository/org/slf4j/slf4j-api/2.0.0-alpha6/slf4j-api-2.0.0-alpha6.jar:"/>
    <property name="java.vm.vendor" value="Ubuntu"/>
    <property name="sun.arch.data.model" value="64"/>
    <property name="java.vendor.url" value="https://ubuntu.com/"/>
    <property name="user.timezone" value=""/>
    <property name="java.vm.specification.version" value="11"/>
    <property name="os.name" value="Linux"/>
    <property name="sun.java.launcher" value="SUN_STANDARD"/>
    <property name="user.country" value="GB"/>
    <property name="sun.boot.library.path" value="/usr/lib/jvm/java-11-openjdk-amd64/lib"/>
    <property name="sun.java.command" value="/home/rita/Documents/ApacheFlink/flink_project/target/surefire/surefirebooter14415625239728281468.jar /home/rita/Documents/ApacheFlink/flink_project/target/surefire 2022-02-02T16-31-28_955-jvmRun1 surefire4690743141955609125tmp surefire_06844384610239171208tmp"/>
    <property name="jdk.debug" value="release"/>
    <property name="surefire.test.class.path" value="/home/rita/Documents/ApacheFlink/flink_project/target/test-classes:/home/rita/Documents/ApacheFlink/flink_project/target/classes:/home/rita/.m2/repository/junit/junit/4.11/junit-4.11.jar:/home/rita/.m2/repository/org/hamcrest/hamcrest-core/1.3/hamcrest-core-1.3.jar:/home/rita/.m2/repository/org/apache/flink/flink-java/1.14.3/flink-java-1.14.3.jar:/home/rita/.m2/repository/org/apache/flink/flink-core/1.14.3/flink-core-1.14.3.jar:/home/rita/.m2/repository/org/apache/flink/flink-annotations/1.14.3/flink-annotations-1.14.3.jar:/home/rita/.m2/repository/org/apache/flink/flink-metrics-core/1.14.3/flink-metrics-core-1.14.3.jar:/home/rita/.m2/repository/org/apache/flink/flink-shaded-asm-7/7.1-14.0/flink-shaded-asm-7-7.1-14.0.jar:/home/rita/.m2/repository/com/esotericsoftware/kryo/kryo/2.24.0/kryo-2.24.0.jar:/home/rita/.m2/repository/com/esotericsoftware/minlog/minlog/1.2/minlog-1.2.jar:/home/rita/.m2/repository/org/objenesis/objenesis/2.1/objenesis-2.1.jar:/home/rita/.m2/repository/commons-collections/commons-collections/3.2.2/commons-collections-3.2.2.jar:/home/rita/.m2/repository/org/apache/commons/commons-compress/1.21/commons-compress-1.21.jar:/home/rita/.m2/repository/org/apache/commons/commons-lang3/3.3.2/commons-lang3-3.3.2.jar:/home/rita/.m2/repository/org/apache/commons/commons-math3/3.5/commons-math3-3.5.jar:/home/rita/.m2/repository/com/google/code/findbugs/jsr305/1.3.9/jsr305-1.3.9.jar:/home/rita/.m2/repository/org/apache/flink/flink-shaded-force-shading/14.0/flink-shaded-force-shading-14.0.jar:/home/rita/.m2/repository/org/apache/flink/flink-streaming-java_2.11/1.14.3/flink-streaming-java_2.11-1.14.3.jar:/home/rita/.m2/repository/org/apache/flink/flink-file-sink-common/1.14.3/flink-file-sink-common-1.14.3.jar:/home/rita/.m2/repository/org/apache/flink/flink-runtime/1.14.3/flink-runtime-1.14.3.jar:/home/rita/.m2/repository/org/apache/flink/flink-rpc-core/1.14.3/flink-rpc-core-1.14.3.jar:/home/rita/.m2/repository/org/apache/flink/flink-rpc-akka-loader/1.14.3/flink-rpc-akka-loader-1.14.3.jar:/home/rita/.m2/repository/org/apache/flink/flink-queryable-state-client-java/1.14.3/flink-queryable-state-client-java-1.14.3.jar:/home/rita/.m2/repository/org/apache/flink/flink-hadoop-fs/1.14.3/flink-hadoop-fs-1.14.3.jar:/home/rita/.m2/repository/commons-io/commons-io/2.8.0/commons-io-2.8.0.jar:/home/rita/.m2/repository/org/apache/flink/flink-shaded-netty/4.1.65.Final-14.0/flink-shaded-netty-4.1.65.Final-14.0.jar:/home/rita/.m2/repository/org/apache/flink/flink-shaded-jackson/2.12.4-14.0/flink-shaded-jackson-2.12.4-14.0.jar:/home/rita/.m2/repository/org/apache/flink/flink-shaded-zookeeper-3/3.4.14-14.0/flink-shaded-zookeeper-3-3.4.14-14.0.jar:/home/rita/.m2/repository/org/javassist/javassist/3.24.0-GA/javassist-3.24.0-GA.jar:/home/rita/.m2/repository/org/xerial/snappy/snappy-java/1.1.8.3/snappy-java-1.1.8.3.jar:/home/rita/.m2/repository/org/lz4/lz4-java/1.8.0/lz4-java-1.8.0.jar:/home/rita/.m2/repository/org/apache/flink/flink-scala_2.11/1.14.3/flink-scala_2.11-1.14.3.jar:/home/rita/.m2/repository/org/scala-lang/scala-reflect/2.11.12/scala-reflect-2.11.12.jar:/home/rita/.m2/repository/org/scala-lang/scala-library/2.11.12/scala-library-2.11.12.jar:/home/rita/.m2/repository/org/scala-lang/scala-compiler/2.11.12/scala-compiler-2.11.12.jar:/home/rita/.m2/repository/org/scala-lang/modules/scala-xml_2.11/1.0.5/scala-xml_2.11-1.0.5.jar:/home/rita/.m2/repository/org/scala-lang/modules/scala-parser-combinators_2.11/1.0.4/scala-parser-combinators_2.11-1.0.4.jar:/home/rita/.m2/repository/com/twitter/chill_2.11/0.7.6/chill_2.11-0.7.6.jar:/home/rita/.m2/repository/com/twitter/chill-java/0.7.6/chill-java-0.7.6.jar:/home/rita/.m2/repository/org/apache/flink/flink-shaded-guava/30.1.1-jre-14.0/flink-shaded-guava-30.1.1-jre-14.0.jar:/home/rita/.m2/repository/org/apache/flink/flink-clients_2.11/1.14.3/flink-clients_2.11-1.14.3.jar:/home/rita/.m2/repository/org/apache/flink/flink-optimizer/1.14.3/flink-optimizer-1.14.3.jar:/home/rita/.m2/repository/commons-cli/commons-cli/1.3.1/commons-cli-1.3.1.jar:/home/rita/.m2/repository/org/slf4j/slf4j-api/2.0.0-alpha6/slf4j-api-2.0.0-alpha6.jar:"/>
    <property name="sun.cpu.endian" value="little"/>
    <property name="user.home" value="/home/rita"/>
    <property name="user.language" value="en"/>
    <property name="java.specification.vendor" value="Oracle Corporation"/>
    <property name="java.version.date" value="2021-10-19"/>
    <property name="java.home" value="/usr/lib/jvm/java-11-openjdk-amd64"/>
    <property name="file.separator" value="/"/>
    <property name="basedir" value="/home/rita/Documents/ApacheFlink/flink_project"/>
    <property name="java.vm.compressedOopsMode" value="Zero based"/>
    <property name="line.separator" value="&#10;"/>
    <property name="java.specification.name" value="Java Platform API Specification"/>
    <property name="java.vm.specification.vendor" value="Oracle Corporation"/>
    <property name="java.awt.graphicsenv" value="sun.awt.X11GraphicsEnvironment"/>
    <property name="surefire.real.class.path" value="/home/rita/Documents/ApacheFlink/flink_project/target/surefire/surefirebooter14415625239728281468.jar"/>
    <property name="sun.management.compiler" value="HotSpot 64-Bit Tiered Compilers"/>
    <property name="java.runtime.version" value="11.0.13+8-Ubuntu-0ubuntu1.20.04"/>
    <property name="user.name" value="rita"/>
    <property name="path.separator" value=":"/>
    <property name="os.version" value="5.13.0-27-generic"/>
    <property name="java.runtime.name" value="OpenJDK Runtime Environment"/>
    <property name="file.encoding" value="UTF-8"/>
    <property name="java.vm.name" value="OpenJDK 64-Bit Server VM"/>
    <property name="localRepository" value="/home/rita/.m2/repository"/>
    <property name="java.vendor.url.bug" value="https://bugs.launchpad.net/ubuntu/+source/openjdk-lts"/>
    <property name="java.io.tmpdir" value="/tmp"/>
    <property name="java.version" value="11.0.13"/>
    <property name="user.dir" value="/home/rita/Documents/ApacheFlink/flink_project"/>
    <property name="os.arch" value="amd64"/>
    <property name="java.vm.specification.name" value="Java Virtual Machine Specification"/>
    <property name="java.awt.printerjob" value="sun.print.PSPrinterJob"/>
    <property name="sun.os.patch.level" value="unknown"/>
    <property name="java.library.path" value="/usr/java/packages/lib:/usr/lib/x86_64-linux-gnu/jni:/lib/x86_64-linux-gnu:/usr/lib/x86_64-linux-gnu:/usr/lib/jni:/lib:/usr/lib"/>
    <property name="java.vm.info" value="mixed mode"/>
    <property name="java.vendor" value="Ubuntu"/>
    <property name="java.vm.version" value="11.0.13+8-Ubuntu-0ubuntu1.20.04"/>
    <property name="sun.io.unicode.encoding" value="UnicodeLittle"/>
    <property name="java.class.version" value="55.0"/>
  </properties>
  <testcase name="shouldAnswerWithTrue" classname="com.flink_project.WordCountTest" time="0.002"/>
</testsuite>